<?xml version="1.0" encoding="UTF-8"?>
<testng-results ignored="0" total="10" passed="10" failed="0" skipped="0">
  <reporter-output>
  </reporter-output>
  <suite started-at="2023-02-07T13:34:04Z" name="AllTestsSuite" finished-at="2023-02-07T13:35:48Z" duration-ms="103201">
    <groups>
    </groups>
    <test started-at="2023-02-07T13:34:04Z" name="ChromeTest" finished-at="2023-02-07T13:35:45Z" duration-ms="100973">
      <class name="BookDepositoryTest">
        <test-method is-config="true" signature="init(java.lang.String)[pri:0, instance:BookDepositoryTest@384ad17b]" started-at="2023-02-07T13:34:04Z" name="init" finished-at="2023-02-07T13:34:11Z" duration-ms="6945" status="PASS">
          <params>
            <param index="0">
              <value>
                <![CDATA[chrome]]>
              </value>
            </param>
          </params>
          <reporter-output>
          </reporter-output>
        </test-method> <!-- init -->
        <test-method signature="advancedSearch()[pri:0, instance:BookDepositoryTest@384ad17b]" started-at="2023-02-07T13:34:11Z" name="advancedSearch" finished-at="2023-02-07T13:34:23Z" duration-ms="11832" status="PASS">
          <reporter-output>
          </reporter-output>
        </test-method> <!-- advancedSearch -->
        <test-method is-config="true" signature="teardownTest()[pri:0, instance:BookDepositoryTest@384ad17b]" started-at="2023-02-07T13:34:23Z" name="teardownTest" finished-at="2023-02-07T13:34:23Z" duration-ms="167" status="PASS">
          <reporter-output>
          </reporter-output>
        </test-method> <!-- teardownTest -->
        <test-method is-config="true" signature="init(java.lang.String)[pri:0, instance:BookDepositoryTest@384ad17b]" started-at="2023-02-07T13:34:23Z" name="init" finished-at="2023-02-07T13:34:28Z" duration-ms="5027" status="PASS">
          <params>
            <param index="0">
              <value>
                <![CDATA[chrome]]>
              </value>
            </param>
          </params>
          <reporter-output>
          </reporter-output>
        </test-method> <!-- init -->
        <test-method signature="bookSearchTest()[pri:0, instance:BookDepositoryTest@384ad17b]" started-at="2023-02-07T13:34:28Z" name="bookSearchTest" finished-at="2023-02-07T13:34:42Z" duration-ms="13139" status="PASS">
          <reporter-output>
          </reporter-output>
        </test-method> <!-- bookSearchTest -->
        <test-method is-config="true" signature="teardownTest()[pri:0, instance:BookDepositoryTest@384ad17b]" started-at="2023-02-07T13:34:42Z" name="teardownTest" finished-at="2023-02-07T13:34:42Z" duration-ms="145" status="PASS">
          <reporter-output>
          </reporter-output>
        </test-method> <!-- teardownTest -->
        <test-method is-config="true" signature="init(java.lang.String)[pri:0, instance:BookDepositoryTest@384ad17b]" started-at="2023-02-07T13:34:42Z" name="init" finished-at="2023-02-07T13:34:47Z" duration-ms="5630" status="PASS">
          <params>
            <param index="0">
              <value>
                <![CDATA[chrome]]>
              </value>
            </param>
          </params>
          <reporter-output>
          </reporter-output>
        </test-method> <!-- init -->
        <test-method signature="changeCurrencyTest()[pri:0, instance:BookDepositoryTest@384ad17b]" started-at="2023-02-07T13:34:47Z" name="changeCurrencyTest" finished-at="2023-02-07T13:35:00Z" duration-ms="13004" status="PASS">
          <reporter-output>
          </reporter-output>
        </test-method> <!-- changeCurrencyTest -->
        <test-method is-config="true" signature="teardownTest()[pri:0, instance:BookDepositoryTest@384ad17b]" started-at="2023-02-07T13:35:00Z" name="teardownTest" finished-at="2023-02-07T13:35:00Z" duration-ms="158" status="PASS">
          <reporter-output>
          </reporter-output>
        </test-method> <!-- teardownTest -->
        <test-method is-config="true" signature="init(java.lang.String)[pri:0, instance:BookDepositoryTest@384ad17b]" started-at="2023-02-07T13:35:00Z" name="init" finished-at="2023-02-07T13:35:05Z" duration-ms="4436" status="PASS">
          <params>
            <param index="0">
              <value>
                <![CDATA[chrome]]>
              </value>
            </param>
          </params>
          <reporter-output>
          </reporter-output>
        </test-method> <!-- init -->
        <test-method signature="checkoutTest()[pri:0, instance:BookDepositoryTest@384ad17b]" started-at="2023-02-07T13:35:05Z" name="checkoutTest" finished-at="2023-02-07T13:35:28Z" duration-ms="23258" status="PASS">
          <reporter-output>
          </reporter-output>
        </test-method> <!-- checkoutTest -->
        <test-method is-config="true" signature="teardownTest()[pri:0, instance:BookDepositoryTest@384ad17b]" started-at="2023-02-07T13:35:28Z" name="teardownTest" finished-at="2023-02-07T13:35:28Z" duration-ms="125" status="PASS">
          <reporter-output>
          </reporter-output>
        </test-method> <!-- teardownTest -->
        <test-method is-config="true" signature="init(java.lang.String)[pri:0, instance:BookDepositoryTest@384ad17b]" started-at="2023-02-07T13:35:28Z" name="init" finished-at="2023-02-07T13:35:33Z" duration-ms="4509" status="PASS">
          <params>
            <param index="0">
              <value>
                <![CDATA[chrome]]>
              </value>
            </param>
          </params>
          <reporter-output>
          </reporter-output>
        </test-method> <!-- init -->
        <test-method signature="filterBestsellersTest()[pri:0, instance:BookDepositoryTest@384ad17b]" started-at="2023-02-07T13:35:33Z" name="filterBestsellersTest" finished-at="2023-02-07T13:35:45Z" duration-ms="12474" status="PASS">
          <reporter-output>
          </reporter-output>
        </test-method> <!-- filterBestsellersTest -->
        <test-method is-config="true" signature="teardownTest()[pri:0, instance:BookDepositoryTest@384ad17b]" started-at="2023-02-07T13:35:45Z" name="teardownTest" finished-at="2023-02-07T13:35:45Z" duration-ms="108" status="PASS">
          <reporter-output>
          </reporter-output>
        </test-method> <!-- teardownTest -->
      </class> <!-- BookDepositoryTest -->
    </test> <!-- ChromeTest -->
    <test started-at="2023-02-07T13:34:04Z" name="OperaTest" finished-at="2023-02-07T13:35:48Z" duration-ms="103201">
      <class name="BookDepositoryTest">
        <test-method is-config="true" signature="init(java.lang.String)[pri:0, instance:BookDepositoryTest@6b927fb]" started-at="2023-02-07T13:34:04Z" name="init" finished-at="2023-02-07T13:34:12Z" duration-ms="7498" status="PASS">
          <params>
            <param index="0">
              <value>
                <![CDATA[opera]]>
              </value>
            </param>
          </params>
          <reporter-output>
          </reporter-output>
        </test-method> <!-- init -->
        <test-method signature="advancedSearch()[pri:0, instance:BookDepositoryTest@6b927fb]" started-at="2023-02-07T13:34:12Z" name="advancedSearch" finished-at="2023-02-07T13:34:24Z" duration-ms="12343" status="PASS">
          <reporter-output>
          </reporter-output>
        </test-method> <!-- advancedSearch -->
        <test-method is-config="true" signature="teardownTest()[pri:0, instance:BookDepositoryTest@6b927fb]" started-at="2023-02-07T13:34:24Z" name="teardownTest" finished-at="2023-02-07T13:34:25Z" duration-ms="270" status="PASS">
          <reporter-output>
          </reporter-output>
        </test-method> <!-- teardownTest -->
        <test-method is-config="true" signature="init(java.lang.String)[pri:0, instance:BookDepositoryTest@6b927fb]" started-at="2023-02-07T13:34:25Z" name="init" finished-at="2023-02-07T13:34:30Z" duration-ms="5250" status="PASS">
          <params>
            <param index="0">
              <value>
                <![CDATA[opera]]>
              </value>
            </param>
          </params>
          <reporter-output>
          </reporter-output>
        </test-method> <!-- init -->
        <test-method signature="bookSearchTest()[pri:0, instance:BookDepositoryTest@6b927fb]" started-at="2023-02-07T13:34:30Z" name="bookSearchTest" finished-at="2023-02-07T13:34:43Z" duration-ms="12741" status="PASS">
          <reporter-output>
          </reporter-output>
        </test-method> <!-- bookSearchTest -->
        <test-method is-config="true" signature="teardownTest()[pri:0, instance:BookDepositoryTest@6b927fb]" started-at="2023-02-07T13:34:43Z" name="teardownTest" finished-at="2023-02-07T13:34:43Z" duration-ms="301" status="PASS">
          <reporter-output>
          </reporter-output>
        </test-method> <!-- teardownTest -->
        <test-method is-config="true" signature="init(java.lang.String)[pri:0, instance:BookDepositoryTest@6b927fb]" started-at="2023-02-07T13:34:43Z" name="init" finished-at="2023-02-07T13:34:49Z" duration-ms="5832" status="PASS">
          <params>
            <param index="0">
              <value>
                <![CDATA[opera]]>
              </value>
            </param>
          </params>
          <reporter-output>
          </reporter-output>
        </test-method> <!-- init -->
        <test-method signature="changeCurrencyTest()[pri:0, instance:BookDepositoryTest@6b927fb]" started-at="2023-02-07T13:34:49Z" name="changeCurrencyTest" finished-at="2023-02-07T13:35:02Z" duration-ms="13549" status="PASS">
          <reporter-output>
          </reporter-output>
        </test-method> <!-- changeCurrencyTest -->
        <test-method is-config="true" signature="teardownTest()[pri:0, instance:BookDepositoryTest@6b927fb]" started-at="2023-02-07T13:35:02Z" name="teardownTest" finished-at="2023-02-07T13:35:02Z" duration-ms="237" status="PASS">
          <reporter-output>
          </reporter-output>
        </test-method> <!-- teardownTest -->
        <test-method is-config="true" signature="init(java.lang.String)[pri:0, instance:BookDepositoryTest@6b927fb]" started-at="2023-02-07T13:35:02Z" name="init" finished-at="2023-02-07T13:35:07Z" duration-ms="4752" status="PASS">
          <params>
            <param index="0">
              <value>
                <![CDATA[opera]]>
              </value>
            </param>
          </params>
          <reporter-output>
          </reporter-output>
        </test-method> <!-- init -->
        <test-method signature="checkoutTest()[pri:0, instance:BookDepositoryTest@6b927fb]" started-at="2023-02-07T13:35:07Z" name="checkoutTest" finished-at="2023-02-07T13:35:30Z" duration-ms="22703" status="PASS">
          <reporter-output>
          </reporter-output>
        </test-method> <!-- checkoutTest -->
        <test-method is-config="true" signature="teardownTest()[pri:0, instance:BookDepositoryTest@6b927fb]" started-at="2023-02-07T13:35:30Z" name="teardownTest" finished-at="2023-02-07T13:35:30Z" duration-ms="293" status="PASS">
          <reporter-output>
          </reporter-output>
        </test-method> <!-- teardownTest -->
        <test-method is-config="true" signature="init(java.lang.String)[pri:0, instance:BookDepositoryTest@6b927fb]" started-at="2023-02-07T13:35:30Z" name="init" finished-at="2023-02-07T13:35:35Z" duration-ms="4894" status="PASS">
          <params>
            <param index="0">
              <value>
                <![CDATA[opera]]>
              </value>
            </param>
          </params>
          <reporter-output>
          </reporter-output>
        </test-method> <!-- init -->
        <test-method signature="filterBestsellersTest()[pri:0, instance:BookDepositoryTest@6b927fb]" started-at="2023-02-07T13:35:35Z" name="filterBestsellersTest" finished-at="2023-02-07T13:35:47Z" duration-ms="12292" status="PASS">
          <reporter-output>
          </reporter-output>
        </test-method> <!-- filterBestsellersTest -->
        <test-method is-config="true" signature="teardownTest()[pri:0, instance:BookDepositoryTest@6b927fb]" started-at="2023-02-07T13:35:47Z" name="teardownTest" finished-at="2023-02-07T13:35:48Z" duration-ms="231" status="PASS">
          <reporter-output>
          </reporter-output>
        </test-method> <!-- teardownTest -->
      </class> <!-- BookDepositoryTest -->
    </test> <!-- OperaTest -->
  </suite> <!-- AllTestsSuite -->
</testng-results>
