<?xml version="1.0" encoding="UTF-8"?>
<testsuite xmlns:xsi="http://www.w3.org/2001/XMLSchema-instance" xsi:noNamespaceSchemaLocation="https://maven.apache.org/surefire/maven-surefire-plugin/xsd/surefire-test-report.xsd" name="TestSuite" time="103.548" tests="10" errors="0" skipped="0" failures="0">
  <properties>
[...]
</properties>
  <testcase name="advancedSearch" classname="BookDepositoryTest" time="11.283"/>
  <testcase name="advancedSearch" classname="BookDepositoryTest" time="12.343"/>
  <testcase name="bookSearchTest" classname="BookDepositoryTest" time="11.75"/>
  <testcase name="bookSearchTest" classname="BookDepositoryTest" time="12.741"/>
  <testcase name="changeCurrencyTest" classname="BookDepositoryTest" time="11.654"/>
  <testcase name="changeCurrencyTest" classname="BookDepositoryTest" time="13.548"/>
  <testcase name="checkoutTest" classname="BookDepositoryTest" time="20.97"/>
  <testcase name="checkoutTest" classname="BookDepositoryTest" time="22.703"/>
  <testcase name="filterBestsellersTest" classname="BookDepositoryTest" time="10.185"/>
  <testcase name="filterBestsellersTest" classname="BookDepositoryTest" time="12.291"/>
</testsuite>