<?xml version="1.0" encoding="UTF-8"?>
<!-- Generated by org.testng.reporters.JUnitXMLReporter -->
<testsuite ignored="0" hostname="DESKTOP-9QPPU4Q" failures="0" tests="5" name="ChromeTest" time="100.973" errors="0" timestamp="07 Feb 2023 13:35:45 GMT">
  <testcase classname="BookDepositoryTest" name="advancedSearch" time="11.832"/>
  <testcase classname="BookDepositoryTest" name="bookSearchTest" time="13.139"/>
  <testcase classname="BookDepositoryTest" name="changeCurrencyTest" time="13.004"/>
  <testcase classname="BookDepositoryTest" name="checkoutTest" time="23.258"/>
  <testcase classname="BookDepositoryTest" name="filterBestsellersTest" time="12.474"/>
</testsuite> <!-- ChromeTest -->
