<?xml version="1.0" encoding="UTF-8"?>
<!-- Generated by org.testng.reporters.JUnitXMLReporter -->
<testsuite ignored="0" hostname="DESKTOP-9QPPU4Q" failures="0" tests="5" name="OperaTest" time="103.201" errors="0" timestamp="07 Feb 2023 13:35:48 GMT">
  <testcase classname="BookDepositoryTest" name="advancedSearch" time="12.343"/>
  <testcase classname="BookDepositoryTest" name="bookSearchTest" time="12.741"/>
  <testcase classname="BookDepositoryTest" name="changeCurrencyTest" time="13.549"/>
  <testcase classname="BookDepositoryTest" name="checkoutTest" time="22.703"/>
  <testcase classname="BookDepositoryTest" name="filterBestsellersTest" time="12.292"/>
</testsuite> <!-- OperaTest -->
